[INFO] Scanning for projects...
[INFO] 
[INFO] --------------------------< com.example:demo >--------------------------
[INFO] Building demo 0.0.1-SNAPSHOT
[INFO]   from pom.xml
[INFO] --------------------------------[ jar ]---------------------------------
[INFO] 
[INFO] >>> spring-boot:2.7.18:run (default-cli) > test-compile @ demo >>>
[INFO] 
[INFO] --- resources:3.2.0:resources (default-resources) @ demo ---
[INFO] Using 'UTF-8' encoding to copy filtered resources.
[INFO] Using 'UTF-8' encoding to copy filtered properties files.
[INFO] Copying 1 resource
[INFO] Copying 34 resources
[INFO] 
[INFO] --- compiler:3.10.1:compile (default-compile) @ demo ---
[INFO] Changes detected - recompiling the module!
[INFO] Compiling 87 source files to /Users/admin/fullstack-project/backend/target/classes
[INFO] -------------------------------------------------------------
[WARNING] COMPILATION WARNING : 
[INFO] -------------------------------------------------------------
[WARNING] /Users/admin/fullstack-project/backend/src/main/java/com/example/demo/service/MagicFormulaService.java:[139,63] unchecked cast
  required: java.util.Map<java.lang.String,java.lang.Object>
  found:    java.lang.Object
[WARNING] /Users/admin/fullstack-project/backend/src/main/java/com/example/demo/service/GameService.java:[1409,90] unchecked cast
  required: java.util.List<java.util.Map<java.lang.String,java.lang.Object>>
  found:    java.lang.Object
[WARNING] /Users/admin/fullstack-project/backend/src/main/java/com/example/demo/service/GameService.java:[1490,81] unchecked cast
  required: java.util.List<java.util.Map<java.lang.String,java.lang.Object>>
  found:    java.lang.Object
[WARNING] /Users/admin/fullstack-project/backend/src/main/java/com/example/demo/service/GameService.java:[1494,86] unchecked cast
  required: java.util.List<java.util.Map<java.lang.String,java.lang.Object>>
  found:    java.lang.Object
[WARNING] /Users/admin/fullstack-project/backend/src/main/java/com/example/demo/model/GameContext.java:[43,48] unchecked cast
  required: java.util.Map<java.lang.String,java.lang.Object>
  found:    java.lang.Object
[WARNING] /Users/admin/fullstack-project/backend/src/main/java/com/example/demo/model/GameContext.java:[51,49] unchecked cast
  required: java.util.Map<java.lang.String,java.lang.Object>
  found:    java.lang.Object
[WARNING] /Users/admin/fullstack-project/backend/src/main/java/com/example/demo/model/GameContext.java:[61,71] unchecked cast
  required: java.util.Map<java.lang.String,java.lang.Object>
  found:    java.lang.Object
[WARNING] /Users/admin/fullstack-project/backend/src/main/java/com/example/demo/service/GameStateService.java:[159,98] unchecked cast
  required: java.util.Map<java.lang.String,java.lang.Object>
  found:    java.lang.Object
[WARNING] /Users/admin/fullstack-project/backend/src/main/java/com/example/demo/service/GameStateService.java:[178,89] unchecked cast
  required: java.util.Map<java.lang.String,java.lang.Object>
  found:    java.lang.Object
[WARNING] /Users/admin/fullstack-project/backend/src/main/java/com/example/demo/service/GameStateService.java:[228,98] unchecked cast
  required: java.util.Map<java.lang.String,java.lang.Object>
  found:    java.lang.Object
[WARNING] /Users/admin/fullstack-project/backend/src/main/java/com/example/demo/service/GameStateService.java:[229,97] unchecked cast
  required: java.util.Map<java.lang.String,java.lang.String>
  found:    java.lang.Object
[WARNING] /Users/admin/fullstack-project/backend/src/main/java/com/example/demo/service/GameStateService.java:[280,42] unchecked conversion
  required: java.util.Map<java.lang.String,java.lang.Object>
  found:    java.util.Map
[WARNING] /Users/admin/fullstack-project/backend/src/main/java/com/example/demo/service/GameStateService.java:[291,42] unchecked conversion
  required: java.util.List<java.util.Map<java.lang.String,java.lang.Object>>
  found:    java.util.List
[WARNING] /Users/admin/fullstack-project/backend/src/main/java/com/example/demo/controller/MultiRealmController.java:[292,48] unchecked cast
  required: java.util.Map<java.lang.String,java.lang.Object>
  found:    java.lang.Object
[WARNING] /Users/admin/fullstack-project/backend/src/main/java/com/example/demo/controller/MultiRealmController.java:[295,48] unchecked cast
  required: java.util.Map<java.lang.String,java.lang.Object>
  found:    java.lang.Object
[WARNING] /Users/admin/fullstack-project/backend/src/main/java/com/example/demo/controller/MultiRealmController.java:[319,55] unchecked cast
  required: java.util.List<java.lang.String>
  found:    java.lang.Object
[WARNING] /Users/admin/fullstack-project/backend/src/main/java/com/example/demo/controller/MultiRealmController.java:[320,55] unchecked cast
  required: java.util.List<java.lang.String>
  found:    java.lang.Object
[WARNING] /Users/admin/fullstack-project/backend/src/main/java/com/example/demo/controller/MultiRealmController.java:[388,77] unchecked cast
  required: java.util.Map<java.lang.String,java.lang.Object>
  found:    java.lang.Object
[WARNING] /Users/admin/fullstack-project/backend/src/main/java/com/example/demo/controller/MultiRealmController.java:[459,69] unchecked cast
  required: java.util.Map<java.lang.String,java.lang.Object>
  found:    java.lang.Object
[WARNING] /Users/admin/fullstack-project/backend/src/main/java/com/example/demo/service/CausalInteractionEngine.java:[207,67] unchecked cast
  required: java.util.Map<java.lang.String,java.lang.Object>
  found:    java.lang.Object
[WARNING] /Users/admin/fullstack-project/backend/src/main/java/com/example/demo/service/CausalInteractionEngine.java:[216,59] unchecked cast
  required: java.util.Map<java.lang.String,java.lang.Object>
  found:    java.lang.Object
[WARNING] /Users/admin/fullstack-project/backend/src/main/java/com/example/demo/service/SpellService.java:[372,74] unchecked cast
  required: java.util.Map<java.lang.String,java.lang.Object>
  found:    java.lang.Object
[WARNING] /Users/admin/fullstack-project/backend/src/main/java/com/example/demo/controller/MagicFormulaServiceController.java:[37,85] unchecked cast
  required: java.util.Map<java.lang.String,java.lang.Object>
  found:    java.lang.Object
[WARNING] /Users/admin/fullstack-project/backend/src/main/java/com/example/demo/service/ScenarioService.java:[622,58] unchecked cast
  required: java.util.Map<java.lang.String,java.lang.Object>
  found:    java.lang.Object
[WARNING] /Users/admin/fullstack-project/backend/src/main/java/com/example/demo/controller/MultiplayerController.java:[136,75] unchecked cast
  required: java.util.Map<java.lang.String,java.lang.Object>
  found:    java.lang.Object
[WARNING] /Users/admin/fullstack-project/backend/src/main/java/com/example/demo/controller/GameController.java:[444,84] unchecked cast
  required: java.util.Map<java.lang.String,java.lang.Object>
  found:    java.lang.Object
[WARNING] /Users/admin/fullstack-project/backend/src/main/java/com/example/demo/service/ScenarioLoaderService.java:[106,88] unchecked cast
  required: java.util.List<java.util.Map<java.lang.String,java.lang.Object>>
  found:    java.lang.Object
[WARNING] /Users/admin/fullstack-project/backend/src/main/java/com/example/demo/service/ScenarioLoaderService.java:[122,87] unchecked cast
  required: java.util.List<java.util.Map<java.lang.String,java.lang.Object>>
  found:    java.lang.Object
[WARNING] /Users/admin/fullstack-project/backend/src/main/java/com/example/demo/service/ScenarioLoaderService.java:[138,84] unchecked cast
  required: java.util.List<java.util.Map<java.lang.String,java.lang.Object>>
  found:    java.lang.Object
[WARNING] /Users/admin/fullstack-project/backend/src/main/java/com/example/demo/service/AIService.java:[375,52] unchecked conversion
  required: java.util.Map<java.lang.String,java.lang.Object>
  found:    java.util.Map
[WARNING] /Users/admin/fullstack-project/backend/src/main/java/com/example/demo/service/AIService.java:[397,52] unchecked conversion
  required: java.util.Map<java.lang.String,java.lang.Object>
  found:    java.util.Map
[WARNING] /Users/admin/fullstack-project/backend/src/main/java/com/example/demo/service/AIService.java:[420,50] unchecked conversion
  required: java.util.Map<java.lang.String,java.lang.Object>
  found:    java.util.Map
[WARNING] /Users/admin/fullstack-project/backend/src/main/java/com/example/demo/controller/BuildingController.java:[129,86] unchecked cast
  required: java.util.Map<java.lang.String,java.lang.Integer>
  found:    java.lang.Object
[WARNING] /Users/admin/fullstack-project/backend/src/main/java/com/example/demo/controller/BuildingController.java:[182,86] unchecked cast
  required: java.util.Map<java.lang.String,java.lang.Integer>
  found:    java.lang.Object
[WARNING] /Users/admin/fullstack-project/backend/src/main/java/com/example/demo/controller/FourthWallController.java:[53,71] unchecked cast
  required: java.util.Map<java.lang.String,java.lang.Object>
  found:    java.lang.Object
[INFO] 35 warnings 
[INFO] -------------------------------------------------------------
[INFO] -------------------------------------------------------------
[ERROR] COMPILATION ERROR : 
[INFO] -------------------------------------------------------------
[ERROR] /Users/admin/fullstack-project/backend/src/main/java/com/example/demo/service/MagicFormulaEngine.java:[1691,46] cannot find symbol
  symbol:   method getRandomValue(int,int)
  location: class com.example.demo.service.MagicFormulaEngine
[ERROR] /Users/admin/fullstack-project/backend/src/main/java/com/example/demo/service/MagicFormulaEngine.java:[1701,40] cannot find symbol
  symbol:   method getRandomValue(int,int)
  location: class com.example.demo.service.MagicFormulaEngine
[ERROR] /Users/admin/fullstack-project/backend/src/main/java/com/example/demo/service/MagicFormulaEngine.java:[1722,51] cannot find symbol
  symbol:   method getRandomValue(int,int)
  location: class com.example.demo.service.MagicFormulaEngine
[INFO] 3 errors 
[INFO] -------------------------------------------------------------
[INFO] ------------------------------------------------------------------------
[INFO] BUILD FAILURE
[INFO] ------------------------------------------------------------------------
[INFO] Total time:  2.832 s
[INFO] Finished at: 2025-07-25T10:12:21+02:00
[INFO] ------------------------------------------------------------------------
[ERROR] Failed to execute goal org.apache.maven.plugins:maven-compiler-plugin:3.10.1:compile (default-compile) on project demo: Compilation failure: Compilation failure: 
[ERROR] /Users/admin/fullstack-project/backend/src/main/java/com/example/demo/service/MagicFormulaEngine.java:[1691,46] cannot find symbol
[ERROR]   symbol:   method getRandomValue(int,int)
[ERROR]   location: class com.example.demo.service.MagicFormulaEngine
[ERROR] /Users/admin/fullstack-project/backend/src/main/java/com/example/demo/service/MagicFormulaEngine.java:[1701,40] cannot find symbol
[ERROR]   symbol:   method getRandomValue(int,int)
[ERROR]   location: class com.example.demo.service.MagicFormulaEngine
[ERROR] /Users/admin/fullstack-project/backend/src/main/java/com/example/demo/service/MagicFormulaEngine.java:[1722,51] cannot find symbol
[ERROR]   symbol:   method getRandomValue(int,int)
[ERROR]   location: class com.example.demo.service.MagicFormulaEngine
[ERROR] -> [Help 1]
[ERROR] 
[ERROR] To see the full stack trace of the errors, re-run Maven with the -e switch.
[ERROR] Re-run Maven using the -X switch to enable full debug logging.
[ERROR] 
[ERROR] For more information about the errors and possible solutions, please read the following articles:
[ERROR] [Help 1] http://cwiki.apache.org/confluence/display/MAVEN/MojoFailureException
