::1 - - [26/Jul/2025 00:26:22] "GET / HTTP/1.1" 200 -
::1 - - [26/Jul/2025 00:28:50] "GET /dashboard.html HTTP/1.1" 200 -
::1 - - [26/Jul/2025 00:28:50] "GET /dashboard.html HTTP/1.1" 200 -
::1 - - [26/Jul/2025 00:29:00] "GET /dashboard.html HTTP/1.1" 200 -
::1 - - [26/Jul/2025 00:29:08] "GET /dashboard.html HTTP/1.1" 200 -
::1 - - [26/Jul/2025 00:29:10] "GET /dashboard.html HTTP/1.1" 200 -
::1 - - [26/Jul/2025 00:29:13] "GET /dashboard.html HTTP/1.1" 200 -
::1 - - [26/Jul/2025 00:29:13] "GET /dashboard.html HTTP/1.1" 200 -
::1 - - [26/Jul/2025 00:29:19] "GET /dashboard.html HTTP/1.1" 200 -
::1 - - [26/Jul/2025 00:29:21] "GET /dashboard.html HTTP/1.1" 200 -
::1 - - [26/Jul/2025 00:29:29] "GET /dashboard.html HTTP/1.1" 200 -
::1 - - [26/Jul/2025 00:29:31] "GET /dashboard.html HTTP/1.1" 200 -
::1 - - [26/Jul/2025 00:29:39] "GET /dashboard.html HTTP/1.1" 200 -
::1 - - [26/Jul/2025 00:29:41] "GET /dashboard.html HTTP/1.1" 200 -
::1 - - [26/Jul/2025 00:29:49] "GET /dashboard.html HTTP/1.1" 200 -
::1 - - [26/Jul/2025 00:29:51] "GET /dashboard.html HTTP/1.1" 200 -
::1 - - [26/Jul/2025 00:29:59] "GET /dashboard.html HTTP/1.1" 200 -
::1 - - [26/Jul/2025 00:30:01] "GET /dashboard.html HTTP/1.1" 200 -
::1 - - [26/Jul/2025 00:30:09] "GET /dashboard.html HTTP/1.1" 200 -
::1 - - [26/Jul/2025 00:30:11] "GET /dashboard.html HTTP/1.1" 200 -
::1 - - [26/Jul/2025 00:30:18] "GET /dashboard.html HTTP/1.1" 200 -
::1 - - [26/Jul/2025 00:30:18] "GET /dashboard.html HTTP/1.1" 200 -
::1 - - [26/Jul/2025 00:30:28] "GET /dashboard.html HTTP/1.1" 200 -
::1 - - [26/Jul/2025 00:30:38] "GET /dashboard.html HTTP/1.1" 200 -
::1 - - [26/Jul/2025 00:30:48] "GET /dashboard.html HTTP/1.1" 200 -
::1 - - [26/Jul/2025 00:30:55] "GET /dashboard.html HTTP/1.1" 200 -
::1 - - [26/Jul/2025 00:30:55] "GET /dashboard.html HTTP/1.1" 200 -
::1 - - [26/Jul/2025 00:30:58] "GET /dashboard.html HTTP/1.1" 200 -
::1 - - [26/Jul/2025 00:30:59] "GET /dashboard.html HTTP/1.1" 200 -
::1 - - [26/Jul/2025 00:31:08] "GET /dashboard.html HTTP/1.1" 200 -
::1 - - [26/Jul/2025 00:31:18] "GET /dashboard.html HTTP/1.1" 200 -
::1 - - [26/Jul/2025 00:31:20] "GET /dashboard.html HTTP/1.1" 200 -
::1 - - [26/Jul/2025 00:31:27] "GET /dashboard.html HTTP/1.1" 200 -
::1 - - [26/Jul/2025 00:31:27] "GET /dashboard.html HTTP/1.1" 200 -
::1 - - [26/Jul/2025 00:31:37] "GET /dashboard.html HTTP/1.1" 200 -
::1 - - [26/Jul/2025 00:31:47] "GET /dashboard.html HTTP/1.1" 200 -
::1 - - [26/Jul/2025 00:31:57] "GET /dashboard.html HTTP/1.1" 200 -
::1 - - [26/Jul/2025 00:32:07] "GET /dashboard.html HTTP/1.1" 200 -
::1 - - [26/Jul/2025 00:32:17] "GET /dashboard.html HTTP/1.1" 200 -
::1 - - [26/Jul/2025 00:32:20] "GET /dashboard.html HTTP/1.1" 200 -
::1 - - [26/Jul/2025 00:32:23] "GET /dashboard.html HTTP/1.1" 200 -
::1 - - [26/Jul/2025 00:32:23] "GET /dashboard.html HTTP/1.1" 200 -
::1 - - [26/Jul/2025 00:32:27] "GET /dashboard.html HTTP/1.1" 200 -
::1 - - [26/Jul/2025 00:32:34] "GET /dashboard.html HTTP/1.1" 200 -
::1 - - [26/Jul/2025 00:32:37] "GET /dashboard.html HTTP/1.1" 200 -
::1 - - [26/Jul/2025 00:32:40] "GET /dashboard.html HTTP/1.1" 200 -
::1 - - [26/Jul/2025 00:32:40] "GET /dashboard.html HTTP/1.1" 200 -
::1 - - [26/Jul/2025 00:32:44] "GET /dashboard.html HTTP/1.1" 200 -
::1 - - [26/Jul/2025 00:32:47] "GET /dashboard.html HTTP/1.1" 200 -
::1 - - [26/Jul/2025 00:32:50] "GET /dashboard.html HTTP/1.1" 200 -
::1 - - [26/Jul/2025 00:32:53] "GET /dashboard.html HTTP/1.1" 200 -
::1 - - [26/Jul/2025 00:32:57] "GET /dashboard.html HTTP/1.1" 200 -
::1 - - [26/Jul/2025 00:33:07] "GET /dashboard.html HTTP/1.1" 200 -
::1 - - [26/Jul/2025 00:33:17] "GET /dashboard.html HTTP/1.1" 200 -
::1 - - [26/Jul/2025 00:33:20] "GET /dashboard.html HTTP/1.1" 200 -
::1 - - [26/Jul/2025 00:34:20] "GET /dashboard.html HTTP/1.1" 200 -
::1 - - [26/Jul/2025 00:34:20] "GET /dashboard.html HTTP/1.1" 200 -
::1 - - [26/Jul/2025 00:35:20] "GET /dashboard.html HTTP/1.1" 200 -
::1 - - [26/Jul/2025 00:35:20] "GET /dashboard.html HTTP/1.1" 200 -
::1 - - [26/Jul/2025 00:35:55] "GET /dashboard.html HTTP/1.1" 200 -
::1 - - [26/Jul/2025 00:35:55] "GET /dashboard.html HTTP/1.1" 200 -
::1 - - [26/Jul/2025 00:36:01] "GET /dashboard.html HTTP/1.1" 200 -
::1 - - [26/Jul/2025 00:36:01] "GET /dashboard.html HTTP/1.1" 200 -
::1 - - [26/Jul/2025 00:36:02] "GET /dashboard.html HTTP/1.1" 200 -
::1 - - [26/Jul/2025 00:36:02] "GET /dashboard.html HTTP/1.1" 200 -
::1 - - [26/Jul/2025 00:36:02] "GET /dashboard.html HTTP/1.1" 200 -
::1 - - [26/Jul/2025 00:36:02] "GET /dashboard.html HTTP/1.1" 200 -
::1 - - [26/Jul/2025 00:36:13] "GET /dashboard.html HTTP/1.1" 200 -
::1 - - [26/Jul/2025 00:36:20] "GET /dashboard.html HTTP/1.1" 200 -
::1 - - [26/Jul/2025 00:36:20] "GET /dashboard.html HTTP/1.1" 200 -
::1 - - [26/Jul/2025 00:36:23] "GET /dashboard.html HTTP/1.1" 200 -
::1 - - [26/Jul/2025 00:36:33] "GET /dashboard.html HTTP/1.1" 200 -
::1 - - [26/Jul/2025 00:36:43] "GET /dashboard.html HTTP/1.1" 200 -
::1 - - [26/Jul/2025 00:36:53] "GET /dashboard.html HTTP/1.1" 200 -
::1 - - [26/Jul/2025 00:36:54] "GET /dashboard.html HTTP/1.1" 304 -
::1 - - [26/Jul/2025 00:37:03] "GET /dashboard.html HTTP/1.1" 200 -
::1 - - [26/Jul/2025 00:37:20] "GET /dashboard.html HTTP/1.1" 200 -
::1 - - [26/Jul/2025 00:37:20] "GET /dashboard.html HTTP/1.1" 200 -
::1 - - [26/Jul/2025 00:38:20] "GET /dashboard.html HTTP/1.1" 200 -
::1 - - [26/Jul/2025 00:38:20] "GET /dashboard.html HTTP/1.1" 200 -
::1 - - [26/Jul/2025 00:38:20] "GET /dashboard.html HTTP/1.1" 200 -
::1 - - [26/Jul/2025 00:38:34] "GET /vince-vega-map-demo-backend.html HTTP/1.1" 200 -
::1 - - [26/Jul/2025 00:38:35] code 404, message File not found
::1 - - [26/Jul/2025 00:38:35] "GET /favicon.ico HTTP/1.1" 404 -
::1 - - [26/Jul/2025 00:38:46] "GET /test-vince-access.html HTTP/1.1" 200 -
::1 - - [26/Jul/2025 00:39:20] "GET /dashboard.html HTTP/1.1" 200 -
::1 - - [26/Jul/2025 00:39:20] "GET /dashboard.html HTTP/1.1" 200 -
::1 - - [26/Jul/2025 00:39:20] "GET /dashboard.html HTTP/1.1" 200 -
::1 - - [26/Jul/2025 00:39:57] "GET /vince-vega-hexagon-battlefield.html HTTP/1.1" 200 -
::1 - - [26/Jul/2025 00:40:20] "GET /dashboard.html HTTP/1.1" 200 -
::1 - - [26/Jul/2025 00:40:20] "GET /dashboard.html HTTP/1.1" 200 -
::1 - - [26/Jul/2025 00:40:20] "GET /dashboard.html HTTP/1.1" 200 -
::1 - - [26/Jul/2025 00:41:20] "GET /dashboard.html HTTP/1.1" 200 -
::1 - - [26/Jul/2025 00:41:20] "GET /dashboard.html HTTP/1.1" 200 -
::1 - - [26/Jul/2025 00:41:20] "GET /dashboard.html HTTP/1.1" 200 -
::1 - - [26/Jul/2025 00:42:20] "GET /dashboard.html HTTP/1.1" 200 -
::1 - - [26/Jul/2025 00:42:20] "GET /dashboard.html HTTP/1.1" 200 -
::1 - - [26/Jul/2025 00:42:20] "GET /dashboard.html HTTP/1.1" 200 -
::1 - - [26/Jul/2025 00:43:20] "GET /dashboard.html HTTP/1.1" 200 -
::1 - - [26/Jul/2025 00:43:20] "GET /dashboard.html HTTP/1.1" 200 -
::1 - - [26/Jul/2025 00:43:20] "GET /dashboard.html HTTP/1.1" 200 -
::1 - - [26/Jul/2025 00:44:07] "GET /test-vince-access.html HTTP/1.1" 200 -
::1 - - [26/Jul/2025 00:44:07] code 404, message File not found
::1 - - [26/Jul/2025 00:44:07] "GET /favicon.ico HTTP/1.1" 404 -
::1 - - [26/Jul/2025 00:44:10] "GET /vince-vega-map-demo-backend.html HTTP/1.1" 200 -
::1 - - [26/Jul/2025 00:44:13] "GET /vince-vega-hexagon-battlefield.html HTTP/1.1" 200 -
::1 - - [26/Jul/2025 00:44:18] "GET /versions-test-vince/index-versions-test.html HTTP/1.1" 200 -
::1 - - [26/Jul/2025 00:44:20] "GET /dashboard.html HTTP/1.1" 200 -
::1 - - [26/Jul/2025 00:44:20] "GET /dashboard.html HTTP/1.1" 200 -
::1 - - [26/Jul/2025 00:44:20] "GET /dashboard.html HTTP/1.1" 200 -
::1 - - [26/Jul/2025 00:44:21] "GET /versions-test-vince/v1-walter-current.html HTTP/1.1" 200 -
::1 - - [26/Jul/2025 00:44:25] "GET /versions-test-vince/hex-v1-walter-current.html HTTP/1.1" 200 -
::1 - - [26/Jul/2025 00:44:29] "GET /versions-test-vince/v2-corrections-2h.html HTTP/1.1" 200 -
::1 - - [26/Jul/2025 00:44:39] "GET /versions-test-vince/v3-interface-tattoos-4h.html HTTP/1.1" 200 -
::1 - - [26/Jul/2025 00:44:49] "GET /versions-test-vince/v4-merge-debug-5h.html HTTP/1.1" 200 -
::1 - - [26/Jul/2025 00:44:52] "GET /versions-test-vince/v4-merge-debug-5h.html HTTP/1.1" 304 -
::1 - - [26/Jul/2025 00:45:20] "GET /dashboard.html HTTP/1.1" 200 -
::1 - - [26/Jul/2025 00:45:20] "GET /dashboard.html HTTP/1.1" 200 -
::1 - - [26/Jul/2025 00:45:20] "GET /dashboard.html HTTP/1.1" 200 -
::1 - - [26/Jul/2025 00:46:20] "GET /dashboard.html HTTP/1.1" 200 -
::1 - - [26/Jul/2025 00:46:20] "GET /dashboard.html HTTP/1.1" 200 -
::1 - - [26/Jul/2025 00:46:20] "GET /dashboard.html HTTP/1.1" 200 -
::1 - - [26/Jul/2025 00:47:20] "GET /versions-test-vince/index-versions-test.html HTTP/1.1" 200 -
::1 - - [26/Jul/2025 00:47:20] "GET /dashboard.html HTTP/1.1" 200 -
::1 - - [26/Jul/2025 00:47:20] "GET /dashboard.html HTTP/1.1" 200 -
::1 - - [26/Jul/2025 00:47:20] "GET /dashboard.html HTTP/1.1" 200 -
::1 - - [26/Jul/2025 00:47:27] "GET /versions-test-vince/v3-interface-tattoos-4h.html HTTP/1.1" 304 -
::1 - - [26/Jul/2025 00:47:39] "GET /versions-test-vince/v4-merge-debug-5h.html HTTP/1.1" 304 -
::1 - - [26/Jul/2025 00:47:44] "GET /versions-test-vince/v6-reparation-tattoos-7h.html HTTP/1.1" 200 -
::1 - - [26/Jul/2025 00:47:50] "GET /versions-test-vince/v7-dmt-realm-hots-8h.html HTTP/1.1" 200 -
::1 - - [26/Jul/2025 00:48:20] "GET /dashboard.html HTTP/1.1" 200 -
::1 - - [26/Jul/2025 00:48:20] "GET /dashboard.html HTTP/1.1" 200 -
::1 - - [26/Jul/2025 00:48:20] "GET /dashboard.html HTTP/1.1" 200 -
::1 - - [26/Jul/2025 00:49:20] "GET /dashboard.html HTTP/1.1" 200 -
::1 - - [26/Jul/2025 00:49:20] "GET /dashboard.html HTTP/1.1" 200 -
::1 - - [26/Jul/2025 00:49:20] "GET /dashboard.html HTTP/1.1" 200 -
::1 - - [26/Jul/2025 00:50:06] code 404, message File not found
::1 - - [26/Jul/2025 00:50:06] "GET /versions-test-vince/index-versions-test.html HTTP/1.1" 404 -
::1 - - [26/Jul/2025 00:50:20] "GET /dashboard.html HTTP/1.1" 200 -
::1 - - [26/Jul/2025 00:50:20] "GET /dashboard.html HTTP/1.1" 200 -
::1 - - [26/Jul/2025 00:50:20] "GET /dashboard.html HTTP/1.1" 200 -
::1 - - [26/Jul/2025 00:50:22] code 404, message File not found
::1 - - [26/Jul/2025 00:50:22] "GET /versions-test-vince/index-versions-test.html HTTP/1.1" 404 -
::1 - - [26/Jul/2025 00:50:24] "GET /dashboard.html HTTP/1.1" 200 -
::1 - - [26/Jul/2025 00:50:27] "GET /dashboard.html HTTP/1.1" 200 -
::1 - - [26/Jul/2025 00:50:27] "GET /dashboard.html HTTP/1.1" 200 -
::1 - - [26/Jul/2025 00:50:29] "GET /dashboard.html HTTP/1.1" 200 -
::1 - - [26/Jul/2025 00:50:30] "GET /dashboard.html HTTP/1.1" 200 -
::1 - - [26/Jul/2025 00:50:37] "GET /dashboard.html HTTP/1.1" 200 -
::1 - - [26/Jul/2025 00:50:38] "GET /dashboard.html HTTP/1.1" 200 -
::1 - - [26/Jul/2025 00:50:41] "GET /dashboard.html HTTP/1.1" 200 -
::1 - - [26/Jul/2025 00:50:47] "GET /dashboard.html HTTP/1.1" 200 -
::1 - - [26/Jul/2025 00:50:48] "GET /dashboard.html HTTP/1.1" 200 -
::1 - - [26/Jul/2025 00:50:51] "GET /dashboard.html HTTP/1.1" 200 -
::1 - - [26/Jul/2025 00:50:57] "GET /dashboard.html HTTP/1.1" 200 -
::1 - - [26/Jul/2025 00:50:58] "GET /dashboard.html HTTP/1.1" 200 -
::1 - - [26/Jul/2025 00:51:01] "GET /dashboard.html HTTP/1.1" 200 -
::1 - - [26/Jul/2025 00:51:07] "GET /dashboard.html HTTP/1.1" 200 -
::1 - - [26/Jul/2025 00:51:08] "GET /dashboard.html HTTP/1.1" 200 -
::1 - - [26/Jul/2025 00:51:11] "GET /dashboard.html HTTP/1.1" 200 -
::1 - - [26/Jul/2025 00:51:17] "GET /dashboard.html HTTP/1.1" 200 -
::1 - - [26/Jul/2025 00:51:18] "GET /dashboard.html HTTP/1.1" 200 -
::1 - - [26/Jul/2025 00:51:21] "GET /dashboard.html HTTP/1.1" 200 -
::1 - - [26/Jul/2025 00:51:27] "GET /dashboard.html HTTP/1.1" 200 -
::1 - - [26/Jul/2025 00:51:28] "GET /dashboard.html HTTP/1.1" 200 -
::1 - - [26/Jul/2025 00:51:31] "GET /dashboard.html HTTP/1.1" 200 -
::1 - - [26/Jul/2025 00:52:20] "GET /dashboard.html HTTP/1.1" 200 -
::1 - - [26/Jul/2025 00:53:08] "GET /dashboard.html HTTP/1.1" 200 -
::1 - - [26/Jul/2025 00:53:10] "GET /dashboard.html HTTP/1.1" 200 -
::1 - - [26/Jul/2025 00:53:15] "GET /dashboard.html HTTP/1.1" 200 -
::1 - - [26/Jul/2025 00:53:15] "GET /dashboard.html HTTP/1.1" 200 -
::1 - - [26/Jul/2025 00:53:20] "GET /dashboard.html HTTP/1.1" 200 -
::1 - - [26/Jul/2025 00:53:20] "GET /dashboard.html HTTP/1.1" 200 -
::1 - - [26/Jul/2025 00:53:25] "GET /dashboard.html HTTP/1.1" 200 -
::1 - - [26/Jul/2025 00:54:20] "GET /dashboard.html HTTP/1.1" 200 -
::1 - - [26/Jul/2025 00:54:20] "GET /dashboard.html HTTP/1.1" 200 -
::1 - - [26/Jul/2025 00:55:20] "GET /dashboard.html HTTP/1.1" 200 -
::1 - - [26/Jul/2025 00:55:20] "GET /dashboard.html HTTP/1.1" 200 -
::1 - - [26/Jul/2025 00:56:20] "GET /dashboard.html HTTP/1.1" 200 -
::1 - - [26/Jul/2025 00:56:20] "GET /dashboard.html HTTP/1.1" 200 -
::1 - - [26/Jul/2025 00:57:20] "GET /dashboard.html HTTP/1.1" 200 -
::1 - - [26/Jul/2025 00:57:20] "GET /dashboard.html HTTP/1.1" 200 -
